2017-06-19 10:27:19,592 [myid:] - INFO  [main:QuorumPeerConfig@134] - Reading configuration from: /usr/local/zookeeper/bin/../conf/zoo.cfg
2017-06-19 10:27:19,602 [myid:] - INFO  [main:DatadirCleanupManager@78] - autopurge.snapRetainCount set to 3
2017-06-19 10:27:19,602 [myid:] - INFO  [main:DatadirCleanupManager@79] - autopurge.purgeInterval set to 0
2017-06-19 10:27:19,602 [myid:] - INFO  [main:DatadirCleanupManager@101] - Purge task is not scheduled.
2017-06-19 10:27:19,603 [myid:] - WARN  [main:QuorumPeerMain@113] - Either no config or no quorum defined in config, running  in standalone mode
2017-06-19 10:27:19,626 [myid:] - INFO  [main:QuorumPeerConfig@134] - Reading configuration from: /usr/local/zookeeper/bin/../conf/zoo.cfg
2017-06-19 10:27:19,627 [myid:] - INFO  [main:ZooKeeperServerMain@96] - Starting server
2017-06-19 10:27:19,717 [myid:] - INFO  [main:Environment@100] - Server environment:zookeeper.version=3.4.10-39d3a4f269333c922ed3db283be479f9deacaa0f, built on 03/23/2017 10:13 GMT
2017-06-19 10:27:19,717 [myid:] - INFO  [main:Environment@100] - Server environment:host.name=192.168.1.4
2017-06-19 10:27:19,717 [myid:] - INFO  [main:Environment@100] - Server environment:java.version=1.8.0_131
2017-06-19 10:27:19,718 [myid:] - INFO  [main:Environment@100] - Server environment:java.vendor=Oracle Corporation
2017-06-19 10:27:19,718 [myid:] - INFO  [main:Environment@100] - Server environment:java.home=/Library/Java/JavaVirtualMachines/jdk1.8.0_131.jdk/Contents/Home/jre
2017-06-19 10:27:19,718 [myid:] - INFO  [main:Environment@100] - Server environment:java.class.path=/usr/local/zookeeper/bin/../build/classes:/usr/local/zookeeper/bin/../build/lib/*.jar:/usr/local/zookeeper/bin/../lib/slf4j-log4j12-1.6.1.jar:/usr/local/zookeeper/bin/../lib/slf4j-api-1.6.1.jar:/usr/local/zookeeper/bin/../lib/netty-3.10.5.Final.jar:/usr/local/zookeeper/bin/../lib/log4j-1.2.16.jar:/usr/local/zookeeper/bin/../lib/jline-0.9.94.jar:/usr/local/zookeeper/bin/../zookeeper-3.4.10.jar:/usr/local/zookeeper/bin/../src/java/lib/*.jar:/usr/local/zookeeper/bin/../conf:
2017-06-19 10:27:19,719 [myid:] - INFO  [main:Environment@100] - Server environment:java.library.path=/Users/marcell/Library/Java/Extensions:/Library/Java/Extensions:/Network/Library/Java/Extensions:/System/Library/Java/Extensions:/usr/lib/java:.
2017-06-19 10:27:19,719 [myid:] - INFO  [main:Environment@100] - Server environment:java.io.tmpdir=/var/folders/r3/d__6923n1_g1ld8s5dn_dvtr0000gn/T/
2017-06-19 10:27:19,719 [myid:] - INFO  [main:Environment@100] - Server environment:java.compiler=<NA>
2017-06-19 10:27:19,721 [myid:] - INFO  [main:Environment@100] - Server environment:os.name=Mac OS X
2017-06-19 10:27:19,721 [myid:] - INFO  [main:Environment@100] - Server environment:os.arch=x86_64
2017-06-19 10:27:19,722 [myid:] - INFO  [main:Environment@100] - Server environment:os.version=10.11.3
2017-06-19 10:27:19,722 [myid:] - INFO  [main:Environment@100] - Server environment:user.name=marcell
2017-06-19 10:27:19,722 [myid:] - INFO  [main:Environment@100] - Server environment:user.home=/Users/marcell
2017-06-19 10:27:19,722 [myid:] - INFO  [main:Environment@100] - Server environment:user.dir=/Users/marcell/Documents/github/SandBox/java
2017-06-19 10:27:19,745 [myid:] - INFO  [main:ZooKeeperServer@829] - tickTime set to 2000
2017-06-19 10:27:19,745 [myid:] - INFO  [main:ZooKeeperServer@838] - minSessionTimeout set to -1
2017-06-19 10:27:19,745 [myid:] - INFO  [main:ZooKeeperServer@847] - maxSessionTimeout set to -1
2017-06-19 10:27:19,791 [myid:] - INFO  [main:NIOServerCnxnFactory@89] - binding to port 0.0.0.0/0.0.0.0:2181
2017-06-19 10:27:19,793 [myid:] - ERROR [main:ZooKeeperServerMain@64] - Unexpected exception, exiting abnormally
java.net.BindException: Address already in use
	at sun.nio.ch.Net.bind0(Native Method)
	at sun.nio.ch.Net.bind(Net.java:433)
	at sun.nio.ch.Net.bind(Net.java:425)
	at sun.nio.ch.ServerSocketChannelImpl.bind(ServerSocketChannelImpl.java:223)
	at sun.nio.ch.ServerSocketAdaptor.bind(ServerSocketAdaptor.java:74)
	at sun.nio.ch.ServerSocketAdaptor.bind(ServerSocketAdaptor.java:67)
	at org.apache.zookeeper.server.NIOServerCnxnFactory.configure(NIOServerCnxnFactory.java:90)
	at org.apache.zookeeper.server.ZooKeeperServerMain.runFromConfig(ZooKeeperServerMain.java:117)
	at org.apache.zookeeper.server.ZooKeeperServerMain.initializeAndRun(ZooKeeperServerMain.java:87)
	at org.apache.zookeeper.server.ZooKeeperServerMain.main(ZooKeeperServerMain.java:53)
	at org.apache.zookeeper.server.quorum.QuorumPeerMain.initializeAndRun(QuorumPeerMain.java:116)
	at org.apache.zookeeper.server.quorum.QuorumPeerMain.main(QuorumPeerMain.java:78)
